<?xml version="1.0" encoding="UTF-8"?>
<!-- Generated by org.testng.reporters.JUnitReportReporter -->
<testsuite hostname="DESKTOP-B71KRO0" failures="0" tests="1" name="com.jenkins.Basicdemo" time="30.756" errors="0" timestamp="2023-06-08T15:58:04 IST" skipped="0">
  <testcase classname="com.jenkins.Basicdemo" name="testCalculateAppriasal" time="30.756"/>
  <system-out/>
</testsuite> <!-- com.jenkins.Basicdemo -->
